2023-06-17 22:44:31 -Starting ServiceApplication on LAPTOP-2139FFKM with PID 8368 (D:\IdeaProject\im-system\service\target\classes started by syx in D:\IdeaProject\im-system)
2023-06-17 22:44:31 -The following profiles are active: dev
2023-06-17 22:44:32 -Multiple Spring Data modules found, entering strict repository configuration mode!
2023-06-17 22:44:32 -Bootstrapping Spring Data Redis repositories in DEFAULT mode.
2023-06-17 22:44:32 -Finished Spring Data repository scanning in 19ms. Found 0 Redis repository interfaces.
2023-06-17 22:44:32 -Tomcat initialized with port(s): 8000 (http)
2023-06-17 22:44:32 -Initializing ProtocolHandler ["http-nio-8000"]
2023-06-17 22:44:32 -Starting service [Tomcat]
2023-06-17 22:44:32 -Starting Servlet engine: [Apache Tomcat/9.0.37]
2023-06-17 22:44:32 -Initializing Spring embedded WebApplicationContext
2023-06-17 22:44:32 -Root WebApplicationContext: initialization completed in 987 ms
2023-06-17 22:44:34 -Initializing ExecutorService 'applicationTaskExecutor'
2023-06-17 22:44:34 -Starting ProtocolHandler ["http-nio-8000"]
2023-06-17 22:44:34 -Tomcat started on port(s): 8000 (http) with context path ''
2023-06-17 22:44:34 -Started ServiceApplication in 3.107 seconds (JVM running for 3.759)
2023-06-17 23:45:20 -Starting ServiceApplication on LAPTOP-2139FFKM with PID 6148 (D:\IdeaProject\im-system\service\target\classes started by syx in D:\IdeaProject\im-system)
2023-06-17 23:45:20 -The following profiles are active: dev
2023-06-17 23:45:21 -Multiple Spring Data modules found, entering strict repository configuration mode!
2023-06-17 23:45:21 -Bootstrapping Spring Data Redis repositories in DEFAULT mode.
2023-06-17 23:45:21 -Finished Spring Data repository scanning in 13ms. Found 0 Redis repository interfaces.
2023-06-17 23:45:21 -Tomcat initialized with port(s): 8000 (http)
2023-06-17 23:45:21 -Initializing ProtocolHandler ["http-nio-8000"]
2023-06-17 23:45:21 -Starting service [Tomcat]
2023-06-17 23:45:21 -Starting Servlet engine: [Apache Tomcat/9.0.37]
2023-06-17 23:45:21 -Initializing Spring embedded WebApplicationContext
2023-06-17 23:45:21 -Root WebApplicationContext: initialization completed in 896 ms
2023-06-17 23:45:22 -Exception encountered during context initialization - cancelling refresh attempt: org.springframework.beans.factory.UnsatisfiedDependencyException: Error creating bean with name 'messageController': Unsatisfied dependency expressed through field 'messageSyncService'; nested exception is org.springframework.beans.factory.UnsatisfiedDependencyException: Error creating bean with name 'messageSyncService': Unsatisfied dependency expressed through field 'imMessageBodyMapper'; nested exception is org.springframework.beans.factory.NoSuchBeanDefinitionException: No qualifying bean of type 'com.itsyx.im.service.message.dao.mapper.ImMessageBodyMapper' available: expected at least 1 bean which qualifies as autowire candidate. Dependency annotations: {@org.springframework.beans.factory.annotation.Autowired(required=true)}
2023-06-17 23:45:22 -Stopping service [Tomcat]
2023-06-17 23:45:22 -

Error starting ApplicationContext. To display the conditions report re-run your application with 'debug' enabled.
2023-06-17 23:45:22 -

***************************
APPLICATION FAILED TO START
***************************

Description:

Field imMessageBodyMapper in com.itsyx.im.service.message.service.MessageSyncService required a bean of type 'com.itsyx.im.service.message.dao.mapper.ImMessageBodyMapper' that could not be found.

The injection point has the following annotations:
	- @org.springframework.beans.factory.annotation.Autowired(required=true)


Action:

Consider defining a bean of type 'com.itsyx.im.service.message.dao.mapper.ImMessageBodyMapper' in your configuration.

2023-06-17 23:46:11 -Starting ServiceApplication on LAPTOP-2139FFKM with PID 36804 (D:\IdeaProject\im-system\service\target\classes started by syx in D:\IdeaProject\im-system)
2023-06-17 23:46:11 -The following profiles are active: dev
2023-06-17 23:46:12 -Multiple Spring Data modules found, entering strict repository configuration mode!
2023-06-17 23:46:12 -Bootstrapping Spring Data Redis repositories in DEFAULT mode.
2023-06-17 23:46:12 -Finished Spring Data repository scanning in 13ms. Found 0 Redis repository interfaces.
2023-06-17 23:46:12 -Tomcat initialized with port(s): 8000 (http)
2023-06-17 23:46:12 -Initializing ProtocolHandler ["http-nio-8000"]
2023-06-17 23:46:12 -Starting service [Tomcat]
2023-06-17 23:46:12 -Starting Servlet engine: [Apache Tomcat/9.0.37]
2023-06-17 23:46:12 -Initializing Spring embedded WebApplicationContext
2023-06-17 23:46:12 -Root WebApplicationContext: initialization completed in 821 ms
2023-06-17 23:46:13 -Initializing ExecutorService 'applicationTaskExecutor'
2023-06-17 23:46:14 -Starting ProtocolHandler ["http-nio-8000"]
2023-06-17 23:46:14 -Tomcat started on port(s): 8000 (http) with context path ''
2023-06-17 23:46:14 -Attempting to connect to: [43.143.69.228:5672]
2023-06-17 23:46:14 -Created new connection: rabbitConnectionFactory#50f097b5:0/SimpleConnection@1ad9b8d3 [delegate=amqp://syx@43.143.69.228:5672/, localPort= 7925]
2023-06-17 23:46:14 -Started ServiceApplication in 3.109 seconds (JVM running for 3.674)
2023-06-17 23:50:04 -An unexpected connection driver error occured (Exception message: Connection reset)
2023-06-17 23:50:04 -Channel shutdown: connection error
2023-06-17 23:50:05 -Restarting Consumer@4e0cc334: tags=[[amq.ctag-5KWYMNYODlip-JFGjJ0p9g]], channel=Cached Rabbit Channel: AMQChannel(amqp://syx@43.143.69.228:5672/,1), conn: Proxy@25b38203 Shared Rabbit Connection: SimpleConnection@1ad9b8d3 [delegate=amqp://syx@43.143.69.228:5672/, localPort= 7925], acknowledgeMode=AUTO local queue size=0
2023-06-17 23:50:05 -Attempting to connect to: [43.143.69.228:5672]
2023-06-17 23:50:05 -Created new connection: rabbitConnectionFactory#50f097b5:1/SimpleConnection@2203a550 [delegate=amqp://syx@43.143.69.228:5672/, localPort= 8141]
