2023-06-11 17:02:05 -Starting ServiceApplication on LAPTOP-2139FFKM with PID 17484 (D:\IdeaProject\im-system\service\target\classes started by syx in D:\IdeaProject\im-system)
2023-06-11 17:02:05 -The following profiles are active: dev
2023-06-11 17:02:06 -Multiple Spring Data modules found, entering strict repository configuration mode!
2023-06-11 17:02:06 -Bootstrapping Spring Data Redis repositories in DEFAULT mode.
2023-06-11 17:02:06 -Finished Spring Data repository scanning in 17ms. Found 0 Redis repository interfaces.
2023-06-11 17:02:06 -Tomcat initialized with port(s): 8000 (http)
2023-06-11 17:02:06 -Initializing ProtocolHandler ["http-nio-8000"]
2023-06-11 17:02:06 -Starting service [Tomcat]
2023-06-11 17:02:06 -Starting Servlet engine: [Apache Tomcat/9.0.37]
2023-06-11 17:02:06 -Initializing Spring embedded WebApplicationContext
2023-06-11 17:02:06 -Root WebApplicationContext: initialization completed in 861 ms
2023-06-11 17:02:08 -Initializing ExecutorService 'applicationTaskExecutor'
2023-06-11 17:02:08 -Starting ProtocolHandler ["http-nio-8000"]
2023-06-11 17:02:08 -Tomcat started on port(s): 8000 (http) with context path ''
2023-06-11 17:02:08 -Started ServiceApplication in 2.931 seconds (JVM running for 3.614)
2023-06-11 17:06:50 -Initializing Spring DispatcherServlet 'dispatcherServlet'
2023-06-11 17:06:50 -Initializing Servlet 'dispatcherServlet'
2023-06-11 17:06:50 -Completed initialization in 4 ms
2023-06-11 17:06:50 -HikariPool-1 - Starting...
2023-06-11 17:06:50 -HikariPool-1 - Start completed.
2023-06-11 17:06:56 -callback 回调user.modify.after : 10000出现异常 ： java.net.SocketTimeoutException: Read timed out 
2023-06-11 17:10:39 -Starting ServiceApplication on LAPTOP-2139FFKM with PID 9784 (D:\IdeaProject\im-system\service\target\classes started by syx in D:\IdeaProject\im-system)
2023-06-11 17:10:39 -The following profiles are active: dev
2023-06-11 17:10:40 -Multiple Spring Data modules found, entering strict repository configuration mode!
2023-06-11 17:10:40 -Bootstrapping Spring Data Redis repositories in DEFAULT mode.
2023-06-11 17:10:40 -Finished Spring Data repository scanning in 11ms. Found 0 Redis repository interfaces.
2023-06-11 17:10:40 -Tomcat initialized with port(s): 8000 (http)
2023-06-11 17:10:40 -Initializing ProtocolHandler ["http-nio-8000"]
2023-06-11 17:10:40 -Starting service [Tomcat]
2023-06-11 17:10:40 -Starting Servlet engine: [Apache Tomcat/9.0.37]
2023-06-11 17:10:40 -Initializing Spring embedded WebApplicationContext
2023-06-11 17:10:40 -Root WebApplicationContext: initialization completed in 923 ms
2023-06-11 17:10:41 -Initializing ExecutorService 'applicationTaskExecutor'
2023-06-11 17:10:42 -Starting ProtocolHandler ["http-nio-8000"]
2023-06-11 17:10:42 -Tomcat started on port(s): 8000 (http) with context path ''
2023-06-11 17:10:42 -Started ServiceApplication in 2.836 seconds (JVM running for 3.709)
2023-06-11 17:10:45 -Initializing Spring DispatcherServlet 'dispatcherServlet'
2023-06-11 17:10:45 -Initializing Servlet 'dispatcherServlet'
2023-06-11 17:10:45 -Completed initialization in 4 ms
2023-06-11 17:10:45 -HikariPool-1 - Starting...
2023-06-11 17:10:45 -HikariPool-1 - Start completed.
2023-06-11 17:20:15 -send message == {"appId":10000,"clientType":1,"command":4000,"data":{"password":"1234","nickName":"syx11","photo":"photo1","selfSignature":"syx","userId":"5555"},"imei":"123","toId":"5555"}
2023-06-11 17:20:15 -Attempting to connect to: [43.143.69.228:5672]
2023-06-11 17:20:16 -Created new connection: rabbitConnectionFactory#20a3e10c:0/SimpleConnection@7cf72673 [delegate=amqp://syx@43.143.69.228:5672/, localPort= 4668]
2023-06-11 17:20:58 -send message == {"appId":10000,"clientType":1,"command":4000,"data":{"password":"1234","nickName":"syx11","photo":"photo1","selfSignature":"syx","userId":"5555"},"imei":"123","toId":"5555"}
2023-06-11 17:26:09 -send message == {"appId":10000,"clientType":1,"command":4000,"data":{"password":"1234","nickName":"syx11","photo":"photo1","selfSignature":"syx","userId":"5555"},"imei":"1234","toId":"5555"}
2023-06-11 17:26:26 -send message == {"appId":10000,"clientType":1,"command":4000,"data":{"password":"1234","nickName":"syx11","photo":"photo1","selfSignature":"syx","userId":"5555"},"imei":"123","toId":"5555"}
2023-06-11 17:26:59 -send message == {"appId":10000,"clientType":1,"command":4000,"data":{"password":"1234","nickName":"syx111","photo":"photo1","selfSignature":"syx","userId":"5555"},"imei":"1234","toId":"5555"}
2023-06-11 17:27:00 -send message == {"appId":10000,"clientType":1,"command":4000,"data":{"password":"1234","nickName":"syx111","photo":"photo1","selfSignature":"syx","userId":"5555"},"imei":"123","toId":"5555"}
2023-06-11 17:29:07 -send message == {"appId":10000,"clientType":2,"command":4000,"data":{"password":"1234","nickName":"syx5","photo":"photo1","selfSignature":"syx","userId":"5555"},"imei":"1234","toId":"5555"}
2023-06-11 17:29:08 -send message == {"appId":10000,"clientType":1,"command":4000,"data":{"password":"1234","nickName":"syx5","photo":"photo1","selfSignature":"syx","userId":"5555"},"imei":"1234","toId":"5555"}
2023-06-11 17:29:08 -send message == {"appId":10000,"clientType":1,"command":4000,"data":{"password":"1234","nickName":"syx5","photo":"photo1","selfSignature":"syx","userId":"5555"},"imei":"123","toId":"5555"}
2023-06-11 18:15:38 -Shutting down ExecutorService 'applicationTaskExecutor'
2023-06-11 18:15:38 -HikariPool-1 - Shutdown initiated...
2023-06-11 18:15:38 -HikariPool-1 - Shutdown completed.
2023-06-11 18:15:43 -Starting ServiceApplication on LAPTOP-2139FFKM with PID 9988 (D:\IdeaProject\im-system\service\target\classes started by syx in D:\IdeaProject\im-system)
2023-06-11 18:15:43 -The following profiles are active: dev
2023-06-11 18:15:43 -Multiple Spring Data modules found, entering strict repository configuration mode!
2023-06-11 18:15:43 -Bootstrapping Spring Data Redis repositories in DEFAULT mode.
2023-06-11 18:15:43 -Finished Spring Data repository scanning in 12ms. Found 0 Redis repository interfaces.
2023-06-11 18:15:44 -Tomcat initialized with port(s): 8000 (http)
2023-06-11 18:15:44 -Initializing ProtocolHandler ["http-nio-8000"]
2023-06-11 18:15:44 -Starting service [Tomcat]
2023-06-11 18:15:44 -Starting Servlet engine: [Apache Tomcat/9.0.37]
2023-06-11 18:15:44 -Initializing Spring embedded WebApplicationContext
2023-06-11 18:15:44 -Root WebApplicationContext: initialization completed in 791 ms
2023-06-11 18:15:45 -Initializing ExecutorService 'applicationTaskExecutor'
2023-06-11 18:15:45 -Starting ProtocolHandler ["http-nio-8000"]
2023-06-11 18:15:45 -Tomcat started on port(s): 8000 (http) with context path ''
2023-06-11 18:15:45 -Started ServiceApplication in 2.451 seconds (JVM running for 3.112)
2023-06-11 18:15:52 -Initializing Spring DispatcherServlet 'dispatcherServlet'
2023-06-11 18:15:52 -Initializing Servlet 'dispatcherServlet'
2023-06-11 18:15:52 -Completed initialization in 4 ms
2023-06-11 18:16:11 -Starting ServiceApplication on LAPTOP-2139FFKM with PID 10544 (D:\IdeaProject\im-system\service\target\classes started by syx in D:\IdeaProject\im-system)
2023-06-11 18:16:11 -The following profiles are active: dev
2023-06-11 18:16:11 -Multiple Spring Data modules found, entering strict repository configuration mode!
2023-06-11 18:16:11 -Bootstrapping Spring Data Redis repositories in DEFAULT mode.
2023-06-11 18:16:11 -Finished Spring Data repository scanning in 12ms. Found 0 Redis repository interfaces.
2023-06-11 18:16:12 -Tomcat initialized with port(s): 8000 (http)
2023-06-11 18:16:12 -Initializing ProtocolHandler ["http-nio-8000"]
2023-06-11 18:16:12 -Starting service [Tomcat]
2023-06-11 18:16:12 -Starting Servlet engine: [Apache Tomcat/9.0.37]
2023-06-11 18:16:12 -Initializing Spring embedded WebApplicationContext
2023-06-11 18:16:12 -Root WebApplicationContext: initialization completed in 890 ms
2023-06-11 18:16:13 -Initializing ExecutorService 'applicationTaskExecutor'
2023-06-11 18:16:13 -Starting ProtocolHandler ["http-nio-8000"]
2023-06-11 18:16:13 -Tomcat started on port(s): 8000 (http) with context path ''
2023-06-11 18:16:13 -Started ServiceApplication in 2.763 seconds (JVM running for 3.505)
2023-06-11 18:16:21 -Initializing Spring DispatcherServlet 'dispatcherServlet'
2023-06-11 18:16:21 -Initializing Servlet 'dispatcherServlet'
2023-06-11 18:16:21 -Completed initialization in 6 ms
2023-06-11 18:33:41 -Shutting down ExecutorService 'applicationTaskExecutor'
2023-06-11 18:33:45 -Starting ServiceApplication on LAPTOP-2139FFKM with PID 23500 (D:\IdeaProject\im-system\service\target\classes started by syx in D:\IdeaProject\im-system)
2023-06-11 18:33:45 -The following profiles are active: dev
2023-06-11 18:33:45 -Multiple Spring Data modules found, entering strict repository configuration mode!
2023-06-11 18:33:45 -Bootstrapping Spring Data Redis repositories in DEFAULT mode.
2023-06-11 18:33:45 -Finished Spring Data repository scanning in 12ms. Found 0 Redis repository interfaces.
2023-06-11 18:33:46 -Tomcat initialized with port(s): 8000 (http)
2023-06-11 18:33:46 -Initializing ProtocolHandler ["http-nio-8000"]
2023-06-11 18:33:46 -Starting service [Tomcat]
2023-06-11 18:33:46 -Starting Servlet engine: [Apache Tomcat/9.0.37]
2023-06-11 18:33:46 -Initializing Spring embedded WebApplicationContext
2023-06-11 18:33:46 -Root WebApplicationContext: initialization completed in 906 ms
2023-06-11 18:33:47 -Initializing ExecutorService 'applicationTaskExecutor'
2023-06-11 18:33:47 -Starting ProtocolHandler ["http-nio-8000"]
2023-06-11 18:33:47 -Tomcat started on port(s): 8000 (http) with context path ''
2023-06-11 18:33:47 -Started ServiceApplication in 2.828 seconds (JVM running for 3.505)
2023-06-11 18:34:04 -Initializing Spring DispatcherServlet 'dispatcherServlet'
2023-06-11 18:34:04 -Initializing Servlet 'dispatcherServlet'
2023-06-11 18:34:04 -Completed initialization in 5 ms
