2023-06-07 14:25:21 -HV000001: Hibernate Validator 6.2.5.Final
2023-06-07 14:25:21 -Starting ServiceApplication using Java 1.8.0_74 on LAPTOP-2139FFKM with PID 28804 (D:\IdeaProject\im-system\service\target\classes started by syx in D:\IdeaProject\im-system)
2023-06-07 14:25:21 -The following 1 profile is active: "dev"
2023-06-07 14:25:21 -Multiple Spring Data modules found, entering strict repository configuration mode
2023-06-07 14:25:21 -Bootstrapping Spring Data Redis repositories in DEFAULT mode.
2023-06-07 14:25:21 -Finished Spring Data repository scanning in 12 ms. Found 0 Redis repository interfaces.
2023-06-07 14:25:22 -Tomcat initialized with port(s): 8000 (http)
2023-06-07 14:25:22 -Initializing ProtocolHandler ["http-nio-8000"]
2023-06-07 14:25:22 -Starting service [Tomcat]
2023-06-07 14:25:22 -Starting Servlet engine: [Apache Tomcat/9.0.75]
2023-06-07 14:25:22 -Initializing Spring embedded WebApplicationContext
2023-06-07 14:25:22 -Root WebApplicationContext: initialization completed in 1129 ms
2023-06-07 14:25:23 -Starting ProtocolHandler ["http-nio-8000"]
2023-06-07 14:25:23 -Tomcat started on port(s): 8000 (http) with context path ''
2023-06-07 14:25:23 -Started ServiceApplication in 2.84 seconds (JVM running for 3.588)
2023-06-07 14:26:29 -Initializing Spring DispatcherServlet 'dispatcherServlet'
2023-06-07 14:26:29 -Initializing Servlet 'dispatcherServlet'
2023-06-07 14:26:29 -Completed initialization in 0 ms
2023-06-07 14:26:32 -HikariPool-1 - Starting...
2023-06-07 14:26:33 -HikariPool-1 - Start completed.
2023-06-07 14:30:05 -HikariPool-1 - Thread starvation or clock leap detected (housekeeper delta=56s353ms661µs300ns).
2023-06-07 14:30:08 -HikariPool-1 - Shutdown initiated...
2023-06-07 14:30:08 -HikariPool-1 - Shutdown completed.
2023-06-07 14:30:12 -HV000001: Hibernate Validator 6.2.5.Final
2023-06-07 14:30:12 -Starting ServiceApplication using Java 1.8.0_74 on LAPTOP-2139FFKM with PID 15724 (D:\IdeaProject\im-system\service\target\classes started by syx in D:\IdeaProject\im-system)
2023-06-07 14:30:12 -The following 1 profile is active: "dev"
2023-06-07 14:30:12 -Multiple Spring Data modules found, entering strict repository configuration mode
2023-06-07 14:30:12 -Bootstrapping Spring Data Redis repositories in DEFAULT mode.
2023-06-07 14:30:12 -Finished Spring Data repository scanning in 11 ms. Found 0 Redis repository interfaces.
2023-06-07 14:30:12 -Tomcat initialized with port(s): 8000 (http)
2023-06-07 14:30:12 -Initializing ProtocolHandler ["http-nio-8000"]
2023-06-07 14:30:12 -Starting service [Tomcat]
2023-06-07 14:30:12 -Starting Servlet engine: [Apache Tomcat/9.0.75]
2023-06-07 14:30:13 -Initializing Spring embedded WebApplicationContext
2023-06-07 14:30:13 -Root WebApplicationContext: initialization completed in 983 ms
2023-06-07 14:30:14 -Starting ProtocolHandler ["http-nio-8000"]
2023-06-07 14:30:14 -Tomcat started on port(s): 8000 (http) with context path ''
2023-06-07 14:30:14 -Started ServiceApplication in 2.519 seconds (JVM running for 3.182)
2023-06-07 14:30:16 -Initializing Spring DispatcherServlet 'dispatcherServlet'
2023-06-07 14:30:16 -Initializing Servlet 'dispatcherServlet'
2023-06-07 14:30:16 -Completed initialization in 1 ms
2023-06-07 14:30:18 -HikariPool-1 - Starting...
2023-06-07 14:30:18 -HikariPool-1 - Start completed.
2023-06-07 15:07:30 -HikariPool-1 - Shutdown initiated...
2023-06-07 15:07:30 -HikariPool-1 - Shutdown completed.
2023-06-07 15:07:34 -HV000001: Hibernate Validator 6.2.5.Final
2023-06-07 15:07:34 -Starting ServiceApplication using Java 1.8.0_74 on LAPTOP-2139FFKM with PID 4684 (D:\IdeaProject\im-system\service\target\classes started by syx in D:\IdeaProject\im-system)
2023-06-07 15:07:34 -The following 1 profile is active: "dev"
2023-06-07 15:07:35 -Multiple Spring Data modules found, entering strict repository configuration mode
2023-06-07 15:07:35 -Bootstrapping Spring Data Redis repositories in DEFAULT mode.
2023-06-07 15:07:35 -Finished Spring Data repository scanning in 11 ms. Found 0 Redis repository interfaces.
2023-06-07 15:07:35 -Tomcat initialized with port(s): 8000 (http)
2023-06-07 15:07:35 -Initializing ProtocolHandler ["http-nio-8000"]
2023-06-07 15:07:35 -Starting service [Tomcat]
2023-06-07 15:07:35 -Starting Servlet engine: [Apache Tomcat/9.0.75]
2023-06-07 15:07:35 -Initializing Spring embedded WebApplicationContext
2023-06-07 15:07:35 -Root WebApplicationContext: initialization completed in 968 ms
2023-06-07 15:07:37 -Starting ProtocolHandler ["http-nio-8000"]
2023-06-07 15:07:37 -Tomcat started on port(s): 8000 (http) with context path ''
2023-06-07 15:07:37 -Started ServiceApplication in 2.568 seconds (JVM running for 3.293)
2023-06-07 15:07:48 -Initializing Spring DispatcherServlet 'dispatcherServlet'
2023-06-07 15:07:48 -Initializing Servlet 'dispatcherServlet'
2023-06-07 15:07:48 -Completed initialization in 1 ms
2023-06-07 15:07:49 -HikariPool-1 - Starting...
2023-06-07 15:07:49 -HikariPool-1 - Start completed.
2023-06-07 15:10:28 -HikariPool-1 - Shutdown initiated...
2023-06-07 15:10:28 -HikariPool-1 - Shutdown completed.
2023-06-07 15:10:31 -HV000001: Hibernate Validator 6.2.5.Final
2023-06-07 15:10:31 -Starting ServiceApplication using Java 1.8.0_74 on LAPTOP-2139FFKM with PID 19144 (D:\IdeaProject\im-system\service\target\classes started by syx in D:\IdeaProject\im-system)
2023-06-07 15:10:31 -The following 1 profile is active: "dev"
2023-06-07 15:10:31 -Multiple Spring Data modules found, entering strict repository configuration mode
2023-06-07 15:10:31 -Bootstrapping Spring Data Redis repositories in DEFAULT mode.
2023-06-07 15:10:31 -Finished Spring Data repository scanning in 11 ms. Found 0 Redis repository interfaces.
2023-06-07 15:10:32 -Tomcat initialized with port(s): 8000 (http)
2023-06-07 15:10:32 -Initializing ProtocolHandler ["http-nio-8000"]
2023-06-07 15:10:32 -Starting service [Tomcat]
2023-06-07 15:10:32 -Starting Servlet engine: [Apache Tomcat/9.0.75]
2023-06-07 15:10:32 -Initializing Spring embedded WebApplicationContext
2023-06-07 15:10:32 -Root WebApplicationContext: initialization completed in 1006 ms
2023-06-07 15:10:33 -Starting ProtocolHandler ["http-nio-8000"]
2023-06-07 15:10:33 -Tomcat started on port(s): 8000 (http) with context path ''
2023-06-07 15:10:33 -Started ServiceApplication in 2.651 seconds (JVM running for 3.298)
2023-06-07 15:10:40 -Initializing Spring DispatcherServlet 'dispatcherServlet'
2023-06-07 15:10:40 -Initializing Servlet 'dispatcherServlet'
2023-06-07 15:10:40 -Completed initialization in 0 ms
2023-06-07 15:10:40 -HikariPool-1 - Starting...
2023-06-07 15:10:40 -HikariPool-1 - Start completed.
2023-06-07 15:13:19 -HikariPool-1 - Shutdown initiated...
2023-06-07 15:13:19 -HikariPool-1 - Shutdown completed.
2023-06-07 15:13:23 -HV000001: Hibernate Validator 6.2.5.Final
2023-06-07 15:13:23 -Starting ServiceApplication using Java 1.8.0_74 on LAPTOP-2139FFKM with PID 32632 (D:\IdeaProject\im-system\service\target\classes started by syx in D:\IdeaProject\im-system)
2023-06-07 15:13:23 -The following 1 profile is active: "dev"
2023-06-07 15:13:23 -Multiple Spring Data modules found, entering strict repository configuration mode
2023-06-07 15:13:23 -Bootstrapping Spring Data Redis repositories in DEFAULT mode.
2023-06-07 15:13:23 -Finished Spring Data repository scanning in 11 ms. Found 0 Redis repository interfaces.
2023-06-07 15:13:24 -Tomcat initialized with port(s): 8000 (http)
2023-06-07 15:13:24 -Initializing ProtocolHandler ["http-nio-8000"]
2023-06-07 15:13:24 -Starting service [Tomcat]
2023-06-07 15:13:24 -Starting Servlet engine: [Apache Tomcat/9.0.75]
2023-06-07 15:13:24 -Initializing Spring embedded WebApplicationContext
2023-06-07 15:13:24 -Root WebApplicationContext: initialization completed in 972 ms
2023-06-07 15:13:25 -Starting ProtocolHandler ["http-nio-8000"]
2023-06-07 15:13:25 -Tomcat started on port(s): 8000 (http) with context path ''
2023-06-07 15:13:25 -Started ServiceApplication in 2.524 seconds (JVM running for 3.24)
2023-06-07 15:29:15 -Initializing Spring DispatcherServlet 'dispatcherServlet'
2023-06-07 15:29:15 -Initializing Servlet 'dispatcherServlet'
2023-06-07 15:29:15 -Completed initialization in 1 ms
2023-06-07 15:32:18 -HV000001: Hibernate Validator 6.2.5.Final
2023-06-07 15:32:18 -Starting ServiceApplication using Java 1.8.0_74 on LAPTOP-2139FFKM with PID 13964 (D:\IdeaProject\im-system\service\target\classes started by syx in D:\IdeaProject\im-system)
2023-06-07 15:32:18 -The following 1 profile is active: "dev"
2023-06-07 15:32:18 -Multiple Spring Data modules found, entering strict repository configuration mode
2023-06-07 15:32:18 -Bootstrapping Spring Data Redis repositories in DEFAULT mode.
2023-06-07 15:32:18 -Finished Spring Data repository scanning in 11 ms. Found 0 Redis repository interfaces.
2023-06-07 15:32:19 -Tomcat initialized with port(s): 8000 (http)
2023-06-07 15:32:19 -Initializing ProtocolHandler ["http-nio-8000"]
2023-06-07 15:32:19 -Starting service [Tomcat]
2023-06-07 15:32:19 -Starting Servlet engine: [Apache Tomcat/9.0.75]
2023-06-07 15:32:19 -Initializing Spring embedded WebApplicationContext
2023-06-07 15:32:19 -Root WebApplicationContext: initialization completed in 963 ms
2023-06-07 15:32:20 -Starting ProtocolHandler ["http-nio-8000"]
2023-06-07 15:32:20 -Tomcat started on port(s): 8000 (http) with context path ''
2023-06-07 15:32:20 -Started ServiceApplication in 2.5 seconds (JVM running for 3.267)
2023-06-07 15:32:22 -Initializing Spring DispatcherServlet 'dispatcherServlet'
2023-06-07 15:32:22 -Initializing Servlet 'dispatcherServlet'
2023-06-07 15:32:22 -Completed initialization in 1 ms
2023-06-07 15:32:22 -HikariPool-1 - Starting...
2023-06-07 15:32:22 -HikariPool-1 - Start completed.
2023-06-07 15:41:19 -HikariPool-1 - Shutdown initiated...
2023-06-07 15:41:19 -HikariPool-1 - Shutdown completed.
2023-06-07 15:41:23 -HV000001: Hibernate Validator 6.2.5.Final
2023-06-07 15:41:23 -Starting ServiceApplication using Java 1.8.0_74 on LAPTOP-2139FFKM with PID 32180 (D:\IdeaProject\im-system\service\target\classes started by syx in D:\IdeaProject\im-system)
2023-06-07 15:41:23 -The following 1 profile is active: "dev"
2023-06-07 15:41:23 -Multiple Spring Data modules found, entering strict repository configuration mode
2023-06-07 15:41:23 -Bootstrapping Spring Data Redis repositories in DEFAULT mode.
2023-06-07 15:41:23 -Finished Spring Data repository scanning in 11 ms. Found 0 Redis repository interfaces.
2023-06-07 15:41:23 -Tomcat initialized with port(s): 8000 (http)
2023-06-07 15:41:23 -Initializing ProtocolHandler ["http-nio-8000"]
2023-06-07 15:41:23 -Starting service [Tomcat]
2023-06-07 15:41:23 -Starting Servlet engine: [Apache Tomcat/9.0.75]
2023-06-07 15:41:24 -Initializing Spring embedded WebApplicationContext
2023-06-07 15:41:24 -Root WebApplicationContext: initialization completed in 949 ms
2023-06-07 15:41:25 -Starting ProtocolHandler ["http-nio-8000"]
2023-06-07 15:41:25 -Tomcat started on port(s): 8000 (http) with context path ''
2023-06-07 15:41:25 -Started ServiceApplication in 2.483 seconds (JVM running for 3.213)
2023-06-07 15:41:28 -Initializing Spring DispatcherServlet 'dispatcherServlet'
2023-06-07 15:41:28 -Initializing Servlet 'dispatcherServlet'
2023-06-07 15:41:28 -Completed initialization in 1 ms
2023-06-07 15:41:29 -HikariPool-1 - Starting...
2023-06-07 15:41:29 -HikariPool-1 - Start completed.
2023-06-07 15:42:24 -HikariPool-1 - Thread starvation or clock leap detected (housekeeper delta=50s535ms330µs800ns).
2023-06-07 15:43:22 -HikariPool-1 - Shutdown initiated...
2023-06-07 15:43:22 -HikariPool-1 - Shutdown completed.
2023-06-07 15:43:25 -HV000001: Hibernate Validator 6.2.5.Final
2023-06-07 15:43:25 -Starting ServiceApplication using Java 1.8.0_74 on LAPTOP-2139FFKM with PID 26920 (D:\IdeaProject\im-system\service\target\classes started by syx in D:\IdeaProject\im-system)
2023-06-07 15:43:25 -The following 1 profile is active: "dev"
2023-06-07 15:43:26 -Multiple Spring Data modules found, entering strict repository configuration mode
2023-06-07 15:43:26 -Bootstrapping Spring Data Redis repositories in DEFAULT mode.
2023-06-07 15:43:26 -Finished Spring Data repository scanning in 10 ms. Found 0 Redis repository interfaces.
2023-06-07 15:43:26 -Tomcat initialized with port(s): 8000 (http)
2023-06-07 15:43:26 -Initializing ProtocolHandler ["http-nio-8000"]
2023-06-07 15:43:26 -Starting service [Tomcat]
2023-06-07 15:43:26 -Starting Servlet engine: [Apache Tomcat/9.0.75]
2023-06-07 15:43:26 -Initializing Spring embedded WebApplicationContext
2023-06-07 15:43:26 -Root WebApplicationContext: initialization completed in 963 ms
2023-06-07 15:43:28 -Starting ProtocolHandler ["http-nio-8000"]
2023-06-07 15:43:28 -Tomcat started on port(s): 8000 (http) with context path ''
2023-06-07 15:43:28 -Started ServiceApplication in 2.52 seconds (JVM running for 3.205)
2023-06-07 15:43:30 -Initializing Spring DispatcherServlet 'dispatcherServlet'
2023-06-07 15:43:30 -Initializing Servlet 'dispatcherServlet'
2023-06-07 15:43:30 -Completed initialization in 1 ms
2023-06-07 15:43:30 -HikariPool-1 - Starting...
2023-06-07 15:43:30 -HikariPool-1 - Start completed.
2023-06-07 16:28:40 -HikariPool-1 - Shutdown initiated...
2023-06-07 16:28:40 -HikariPool-1 - Shutdown completed.
2023-06-07 16:28:45 -HV000001: Hibernate Validator 6.2.5.Final
2023-06-07 16:28:45 -Starting ServiceApplication using Java 1.8.0_74 on LAPTOP-2139FFKM with PID 31220 (D:\IdeaProject\im-system\service\target\classes started by syx in D:\IdeaProject\im-system)
2023-06-07 16:28:45 -The following 1 profile is active: "dev"
2023-06-07 16:28:46 -Multiple Spring Data modules found, entering strict repository configuration mode
2023-06-07 16:28:46 -Bootstrapping Spring Data Redis repositories in DEFAULT mode.
2023-06-07 16:28:46 -Finished Spring Data repository scanning in 16 ms. Found 0 Redis repository interfaces.
2023-06-07 16:28:46 -Tomcat initialized with port(s): 8000 (http)
2023-06-07 16:28:46 -Initializing ProtocolHandler ["http-nio-8000"]
2023-06-07 16:28:46 -Starting service [Tomcat]
2023-06-07 16:28:46 -Starting Servlet engine: [Apache Tomcat/9.0.75]
2023-06-07 16:28:47 -Initializing Spring embedded WebApplicationContext
2023-06-07 16:28:47 -Root WebApplicationContext: initialization completed in 1295 ms
2023-06-07 16:28:48 -Starting ProtocolHandler ["http-nio-8000"]
2023-06-07 16:28:48 -Tomcat started on port(s): 8000 (http) with context path ''
2023-06-07 16:28:48 -Started ServiceApplication in 2.982 seconds (JVM running for 3.73)
